-------------------------------------------------------------------------------
Test set: org.zlogic.vogon.web.RegistrationControllerTest
-------------------------------------------------------------------------------
Tests run: 5, Failures: 0, Errors: 5, Skipped: 0, Time elapsed: 21.041 s <<< FAILURE! - in org.zlogic.vogon.web.RegistrationControllerTest
testDuplicateRegistrationNotAllowed(org.zlogic.vogon.web.RegistrationControllerTest)  Time elapsed: 0 s  <<< ERROR!
java.lang.IllegalStateException: Failed to load ApplicationContext
Caused by: org.springframework.boot.context.embedded.tomcat.ConnectorStartFailedException: Connector configured to listen on port 8080 failed to start

testEmptyUsername(org.zlogic.vogon.web.RegistrationControllerTest)  Time elapsed: 0 s  <<< ERROR!
java.lang.IllegalStateException: Failed to load ApplicationContext
Caused by: org.springframework.boot.context.embedded.tomcat.ConnectorStartFailedException: Connector configured to listen on port 8080 failed to start

testRegistration(org.zlogic.vogon.web.RegistrationControllerTest)  Time elapsed: 0 s  <<< ERROR!
java.lang.IllegalStateException: Failed to load ApplicationContext
Caused by: org.springframework.boot.context.embedded.tomcat.ConnectorStartFailedException: Connector configured to listen on port 8080 failed to start

testEmptyPassword(org.zlogic.vogon.web.RegistrationControllerTest)  Time elapsed: 0 s  <<< ERROR!
java.lang.IllegalStateException: Failed to load ApplicationContext
Caused by: org.springframework.boot.context.embedded.tomcat.ConnectorStartFailedException: Connector configured to listen on port 8080 failed to start

testRegistrationNotAllowed(org.zlogic.vogon.web.RegistrationControllerTest)  Time elapsed: 0 s  <<< ERROR!
java.lang.IllegalStateException: Failed to load ApplicationContext
Caused by: org.springframework.boot.context.embedded.tomcat.ConnectorStartFailedException: Connector configured to listen on port 8080 failed to start

