-------------------------------------------------------------------------------
Test set: org.zlogic.vogon.web.UsersControllerTest
-------------------------------------------------------------------------------
Tests run: 13, Failures: 0, Errors: 13, Skipped: 0, Time elapsed: 56.674 s <<< FAILURE! - in org.zlogic.vogon.web.UsersControllerTest
testChangeUsername(org.zlogic.vogon.web.UsersControllerTest)  Time elapsed: 0 s  <<< ERROR!
java.lang.IllegalStateException: Failed to load ApplicationContext
Caused by: org.springframework.boot.context.embedded.tomcat.ConnectorStartFailedException: Connector configured to listen on port 8080 failed to start

testUpdateUserDetailsBadToken(org.zlogic.vogon.web.UsersControllerTest)  Time elapsed: 0 s  <<< ERROR!
java.lang.IllegalStateException: Failed to load ApplicationContext
Caused by: org.springframework.boot.context.embedded.tomcat.ConnectorStartFailedException: Connector configured to listen on port 8080 failed to start

testUpdateUserDetailsNoToken(org.zlogic.vogon.web.UsersControllerTest)  Time elapsed: 0 s  <<< ERROR!
java.lang.IllegalStateException: Failed to load ApplicationContext
Caused by: org.springframework.boot.context.embedded.tomcat.ConnectorStartFailedException: Connector configured to listen on port 8080 failed to start

testGetUserDetails(org.zlogic.vogon.web.UsersControllerTest)  Time elapsed: 0 s  <<< ERROR!
java.lang.IllegalStateException: Failed to load ApplicationContext
Caused by: org.springframework.boot.context.embedded.tomcat.ConnectorStartFailedException: Connector configured to listen on port 8080 failed to start

testChangePassword(org.zlogic.vogon.web.UsersControllerTest)  Time elapsed: 0 s  <<< ERROR!
java.lang.IllegalStateException: Failed to load ApplicationContext
Caused by: org.springframework.boot.context.embedded.tomcat.ConnectorStartFailedException: Connector configured to listen on port 8080 failed to start

testChangePasswordEmpty(org.zlogic.vogon.web.UsersControllerTest)  Time elapsed: 0 s  <<< ERROR!
java.lang.IllegalStateException: Failed to load ApplicationContext
Caused by: org.springframework.boot.context.embedded.tomcat.ConnectorStartFailedException: Connector configured to listen on port 8080 failed to start

testGetUserDetailsBadToken(org.zlogic.vogon.web.UsersControllerTest)  Time elapsed: 0 s  <<< ERROR!
java.lang.IllegalStateException: Failed to load ApplicationContext
Caused by: org.springframework.boot.context.embedded.tomcat.ConnectorStartFailedException: Connector configured to listen on port 8080 failed to start

testIgnoreIdGet(org.zlogic.vogon.web.UsersControllerTest)  Time elapsed: 0 s  <<< ERROR!
java.lang.IllegalStateException: Failed to load ApplicationContext
Caused by: org.springframework.boot.context.embedded.tomcat.ConnectorStartFailedException: Connector configured to listen on port 8080 failed to start

testChangeUsernameEmpty(org.zlogic.vogon.web.UsersControllerTest)  Time elapsed: 0 s  <<< ERROR!
java.lang.IllegalStateException: Failed to load ApplicationContext
Caused by: org.springframework.boot.context.embedded.tomcat.ConnectorStartFailedException: Connector configured to listen on port 8080 failed to start

testChangeUsernamePassword(org.zlogic.vogon.web.UsersControllerTest)  Time elapsed: 0 s  <<< ERROR!
java.lang.IllegalStateException: Failed to load ApplicationContext
Caused by: org.springframework.boot.context.embedded.tomcat.ConnectorStartFailedException: Connector configured to listen on port 8080 failed to start

testChangeUsernameAlreadyInUse(org.zlogic.vogon.web.UsersControllerTest)  Time elapsed: 0 s  <<< ERROR!
java.lang.IllegalStateException: Failed to load ApplicationContext
Caused by: org.springframework.boot.context.embedded.tomcat.ConnectorStartFailedException: Connector configured to listen on port 8080 failed to start

testIgnoreIdUpdate(org.zlogic.vogon.web.UsersControllerTest)  Time elapsed: 0 s  <<< ERROR!
java.lang.IllegalStateException: Failed to load ApplicationContext
Caused by: org.springframework.boot.context.embedded.tomcat.ConnectorStartFailedException: Connector configured to listen on port 8080 failed to start

testGetUserDetailsNoToken(org.zlogic.vogon.web.UsersControllerTest)  Time elapsed: 0 s  <<< ERROR!
java.lang.IllegalStateException: Failed to load ApplicationContext
Caused by: org.springframework.boot.context.embedded.tomcat.ConnectorStartFailedException: Connector configured to listen on port 8080 failed to start

