-------------------------------------------------------------------------------
Test set: org.zlogic.vogon.web.CurrenciesControllerTest
-------------------------------------------------------------------------------
Tests run: 3, Failures: 0, Errors: 3, Skipped: 0, Time elapsed: 12.618 s <<< FAILURE! - in org.zlogic.vogon.web.CurrenciesControllerTest
testGetCurrenciesBadToken(org.zlogic.vogon.web.CurrenciesControllerTest)  Time elapsed: 0 s  <<< ERROR!
java.lang.IllegalStateException: Failed to load ApplicationContext
Caused by: org.springframework.boot.context.embedded.tomcat.ConnectorStartFailedException: Connector configured to listen on port 8080 failed to start

testGetCurrenciesNoToken(org.zlogic.vogon.web.CurrenciesControllerTest)  Time elapsed: 0 s  <<< ERROR!
java.lang.IllegalStateException: Failed to load ApplicationContext
Caused by: org.springframework.boot.context.embedded.tomcat.ConnectorStartFailedException: Connector configured to listen on port 8080 failed to start

testGetCurrencies(org.zlogic.vogon.web.CurrenciesControllerTest)  Time elapsed: 0 s  <<< ERROR!
java.lang.IllegalStateException: Failed to load ApplicationContext
Caused by: org.springframework.boot.context.embedded.tomcat.ConnectorStartFailedException: Connector configured to listen on port 8080 failed to start

